
INFO [2023-12-06T14:42:25.233Z]: Preparing to initialize extension
INFO [2023-12-06T14:42:26.243Z]: Registering flag observer
INFO [2023-12-06T14:42:26.244Z]: Navigating to loading page
INFO [2023-12-06T14:42:26.244Z]: Navigation
INFO [2023-12-06T14:42:26.244Z]: {"page":"/loading"}
INFO [2023-12-06T14:42:26.245Z]: Initializing workspace controller
INFO [2023-12-06T14:42:26.257Z]: Creating URI handler
INFO [2023-12-06T14:42:26.257Z]: Getting auth service props
INFO [2023-12-06T14:42:26.261Z]: Creating auth service
INFO [2023-12-06T14:42:26.261Z]: Setting network auth service
INFO [2023-12-06T14:42:26.261Z]: Creating context store
INFO [2023-12-06T14:42:26.262Z]: Creating engine
INFO [2023-12-06T14:42:26.262Z]: Creating sql db
INFO [2023-12-06T14:42:27.083Z]: Creating vector db
INFO [2023-12-06T14:42:27.084Z]: Creating config manager
INFO [2023-12-06T14:42:27.086Z]: Get languages
INFO [2023-12-06T14:42:27.087Z]: Reading ALL files
INFO [2023-12-06T14:42:32.597Z]: Files: 12934
INFO [2023-12-06T14:42:32.597Z]: Counting languages
INFO [2023-12-06T14:42:32.663Z]: Sorting languages
INFO [2023-12-06T14:42:32.664Z]: Get Overview
INFO [2023-12-06T14:42:32.664Z]: Creating code parser
INFO [2023-12-06T14:42:32.665Z]: Creating code index
INFO [2023-12-06T14:42:32.666Z]: Creating graphs
INFO [2023-12-06T14:42:32.666Z]: Creating tagger
INFO [2023-12-06T14:42:32.666Z]: Creating semantic
INFO [2023-12-06T14:42:32.666Z]: Creating keyword
INFO [2023-12-06T14:42:32.666Z]: Creating file search
INFO [2023-12-06T14:42:32.666Z]: Initializing engine
INFO [2023-12-06T14:42:32.915Z]: [CodeTagger.init] Initializing
INFO [2023-12-06T14:42:32.917Z]: Initializing history service
INFO [2023-12-06T14:42:32.917Z]: Creating project bot props
INFO [2023-12-06T14:42:32.917Z]: Creating plan service
INFO [2023-12-06T14:42:32.917Z]: Creating terms service
INFO [2023-12-06T14:42:32.917Z]: Creating auth controller
INFO [2023-12-06T14:42:32.917Z]: Initializing auth controller
INFO [2023-12-06T14:42:32.920Z]: Checking auth
INFO [2023-12-06T14:42:32.925Z]: Creating plan controller
INFO [2023-12-06T14:42:32.925Z]: Initializing plan controller
INFO [2023-12-06T14:42:35.230Z]: Creating status controller
INFO [2023-12-06T14:42:35.235Z]: Creating chat bot
INFO [2023-12-06T14:42:35.244Z]: Creating git service
INFO [2023-12-06T14:42:35.245Z]: Creating user context
INFO [2023-12-06T14:42:35.246Z]: Creating search controller
INFO [2023-12-06T14:42:35.248Z]: Initializing search controller
INFO [2023-12-06T14:42:35.295Z]: Creating index controller
INFO [2023-12-06T14:42:35.296Z]: Initializing index controller
INFO [2023-12-06T14:42:35.297Z]: Creating migrate controller
INFO [2023-12-06T14:42:35.298Z]: Initializing migrate controller
INFO [2023-12-06T14:42:35.299Z]: Creating settings controller
INFO [2023-12-06T14:42:35.300Z]: Initializing settings controller
INFO [2023-12-06T14:42:35.301Z]: Creating navigation controller
INFO [2023-12-06T14:42:35.301Z]: Initializing navigation controller
INFO [2023-12-06T14:42:35.302Z]: Registering auth service with auth controller
INFO [2023-12-06T14:42:35.302Z]: Calculating navigation
INFO [2023-12-06T14:42:35.367Z]: Navigation
INFO [2023-12-06T14:42:35.367Z]: {"page":"/auth/login"}
INFO [2023-12-06T14:42:35.369Z]: Fully initialized!
INFO [2023-12-06T14:42:35.380Z]: extension_initialized
INFO [2023-12-06T14:42:35.381Z]: {"timeToInit":10142}